# JRE version: OpenJDK Runtime Environment Corretto-17.0.12.7.1 (17.0.12+7) (build 17.0.12+7-LTS)
# Java VM: OpenJDK 64-Bit Server VM Corretto-17.0.12.7.1 (17.0.12+7-LTS, mixed mode, sharing, tiered, compressed oops, compressed class ptrs, g1 gc, windows-amd64)
GC Precious Log:
 CPUs: 4 total, 4 available
 Memory: 8097M
 Large Page Support: Disabled
 NUMA Support: Disabled
 Compressed Oops: Enabled (32-bit)
 Heap Region Size: 1M
 Heap Min Capacity: 256M
 Heap Initial Capacity: 256M
 Heap Max Capacity: 512M
 Pre-touch: Disabled
 Parallel Workers: 4
 Concurrent Workers: 1
 Concurrent Refinement Workers: 4
 Periodic GC: Disabled
Heap:
 garbage-first heap   total 262144K, used 66274K [0x00000000e0000000, 0x0000000100000000)
  region size 1024K, 31 young (31744K), 1 survivors (1024K)
 Metaspace       used 47659K, committed 48192K, reserved 393216K
  class space    used 6714K, committed 6976K, reserved 327680K
GC Heap History (14 events):
Event: 3.055 GC heap before
{Heap before GC invocations=0 (full 0):
 garbage-first heap   total 262144K, used 13312K [0x00000000e0000000, 0x0000000100000000)
  region size 1024K, 13 young (13312K), 0 survivors (0K)
 Metaspace       used 771K, committed 896K, reserved 393216K
  class space    used 61K, committed 128K, reserved 327680K
}
Event: 3.171 GC heap after
{Heap after GC invocations=1 (full 0):
 garbage-first heap   total 262144K, used 1192K [0x00000000e0000000, 0x0000000100000000)
  region size 1024K, 2 young (2048K), 2 survivors (2048K)
 Metaspace       used 771K, committed 896K, reserved 393216K
  class space    used 61K, committed 128K, reserved 327680K
}
Event: 11.569 GC heap before
{Heap before GC invocations=1 (full 0):
 garbage-first heap   total 262144K, used 22696K [0x00000000e0000000, 0x0000000100000000)
  region size 1024K, 21 young (21504K), 2 survivors (2048K)
 Metaspace       used 2859K, committed 3008K, reserved 393216K
  class space    used 326K, committed 384K, reserved 327680K
}
Event: 11.576 GC heap after
{Heap after GC invocations=2 (full 0):
 garbage-first heap   total 262144K, used 9532K [0x00000000e0000000, 0x0000000100000000)
  region size 1024K, 3 young (3072K), 3 survivors (3072K)
 Metaspace       used 2859K, committed 3008K, reserved 393216K
  class space    used 326K, committed 384K, reserved 327680K
}
Event: 45.913 GC heap before
{Heap before GC invocations=2 (full 0):
 garbage-first heap   total 262144K, used 165180K [0x00000000e0000000, 0x0000000100000000)
  region size 1024K, 153 young (156672K), 3 survivors (3072K)
 Metaspace       used 18524K, committed 18816K, reserved 393216K
  class space    used 2675K, committed 2816K, reserved 327680K
}
Event: 45.931 GC heap after
{Heap after GC invocations=3 (full 0):
 garbage-first heap   total 262144K, used 21709K [0x00000000e0000000, 0x0000000100000000)
  region size 1024K, 14 young (14336K), 14 survivors (14336K)
 Metaspace       used 18524K, committed 18816K, reserved 393216K
  class space    used 2675K, committed 2816K, reserved 327680K
}
Event: 50.345 GC heap before
{Heap before GC invocations=3 (full 0):
 garbage-first heap   total 262144K, used 43213K [0x00000000e0000000, 0x0000000100000000)
  region size 1024K, 37 young (37888K), 14 survivors (14336K)
 Metaspace       used 21139K, committed 21504K, reserved 393216K
  class space    used 3077K, committed 3200K, reserved 327680K
}
Event: 50.366 GC heap after
{Heap after GC invocations=4 (full 0):
 garbage-first heap   total 262144K, used 23827K [0x00000000e0000000, 0x0000000100000000)
  region size 1024K, 2 young (2048K), 2 survivors (2048K)
 Metaspace       used 21139K, committed 21504K, reserved 393216K
  class space    used 3077K, committed 3200K, reserved 327680K
}
Event: 91.500 GC heap before
{Heap before GC invocations=5 (full 0):
 garbage-first heap   total 262144K, used 145683K [0x00000000e0000000, 0x0000000100000000)
  region size 1024K, 118 young (120832K), 2 survivors (2048K)
 Metaspace       used 35598K, committed 35968K, reserved 393216K
  class space    used 4923K, committed 5120K, reserved 327680K
}
Event: 91.601 GC heap after
{Heap after GC invocations=6 (full 0):
 garbage-first heap   total 262144K, used 31663K [0x00000000e0000000, 0x0000000100000000)
  region size 1024K, 10 young (10240K), 10 survivors (10240K)
 Metaspace       used 35598K, committed 35968K, reserved 393216K
  class space    used 4923K, committed 5120K, reserved 327680K
}
Event: 181.866 GC heap before
{Heap before GC invocations=7 (full 0):
 garbage-first heap   total 262144K, used 128943K [0x00000000e0000000, 0x0000000100000000)
  region size 1024K, 104 young (106496K), 10 survivors (10240K)
 Metaspace       used 45455K, committed 45952K, reserved 393216K
  class space    used 6390K, committed 6592K, reserved 327680K
}
Event: 182.033 GC heap after
{Heap after GC invocations=8 (full 0):
 garbage-first heap   total 262144K, used 35840K [0x00000000e0000000, 0x0000000100000000)
  region size 1024K, 5 young (5120K), 5 survivors (5120K)
 Metaspace       used 45455K, committed 45952K, reserved 393216K
  class space    used 6390K, committed 6592K, reserved 327680K
}
Event: 192.227 GC heap before
{Heap before GC invocations=8 (full 0):
 garbage-first heap   total 262144K, used 43008K [0x00000000e0000000, 0x0000000100000000)
  region size 1024K, 12 young (12288K), 5 survivors (5120K)
 Metaspace       used 45803K, committed 46272K, reserved 393216K
  class space    used 6442K, committed 6656K, reserved 327680K
}
Event: 192.250 GC heap after
{Heap after GC invocations=9 (full 0):
 garbage-first heap   total 262144K, used 36578K [0x00000000e0000000, 0x0000000100000000)
  region size 1024K, 1 young (1024K), 1 survivors (1024K)
 Metaspace       used 45803K, committed 46272K, reserved 393216K
  class space    used 6442K, committed 6656K, reserved 327680K
}

