# JRE version: OpenJDK Runtime Environment Corretto-17.0.12.7.1 (17.0.12+7) (build 17.0.12+7-LTS)
# Java VM: OpenJDK 64-Bit Server VM Corretto-17.0.12.7.1 (17.0.12+7-LTS, mixed mode, sharing, tiered, compressed oops, compressed class ptrs, g1 gc, windows-amd64)
GC Precious Log:
 CPUs: 4 total, 4 available
 Memory: 8097M
 Large Page Support: Disabled
 NUMA Support: Disabled
 Compressed Oops: Enabled (32-bit)
 Heap Region Size: 1M
 Heap Min Capacity: 256M
 Heap Initial Capacity: 256M
 Heap Max Capacity: 512M
 Pre-touch: Disabled
 Parallel Workers: 4
 Concurrent Workers: 1
 Concurrent Refinement Workers: 4
 Periodic GC: Disabled
Heap:
 garbage-first heap   total 262144K, used 69638K [0x00000000e0000000, 0x0000000100000000)
  region size 1024K, 40 young (40960K), 5 survivors (5120K)
 Metaspace       used 46937K, committed 47424K, reserved 393216K
  class space    used 6587K, committed 6784K, reserved 327680K
GC Heap History (12 events):
Event: 0.744 GC heap before
{Heap before GC invocations=0 (full 0):
 garbage-first heap   total 262144K, used 13312K [0x00000000e0000000, 0x0000000100000000)
  region size 1024K, 13 young (13312K), 0 survivors (0K)
 Metaspace       used 768K, committed 896K, reserved 393216K
  class space    used 61K, committed 128K, reserved 327680K
}
Event: 0.786 GC heap after
{Heap after GC invocations=1 (full 0):
 garbage-first heap   total 262144K, used 1192K [0x00000000e0000000, 0x0000000100000000)
  region size 1024K, 2 young (2048K), 2 survivors (2048K)
 Metaspace       used 768K, committed 896K, reserved 393216K
  class space    used 61K, committed 128K, reserved 327680K
}
Event: 8.638 GC heap before
{Heap before GC invocations=1 (full 0):
 garbage-first heap   total 262144K, used 22696K [0x00000000e0000000, 0x0000000100000000)
  region size 1024K, 21 young (21504K), 2 survivors (2048K)
 Metaspace       used 2830K, committed 3008K, reserved 393216K
  class space    used 324K, committed 384K, reserved 327680K
}
Event: 8.644 GC heap after
{Heap after GC invocations=2 (full 0):
 garbage-first heap   total 262144K, used 9387K [0x00000000e0000000, 0x0000000100000000)
  region size 1024K, 3 young (3072K), 3 survivors (3072K)
 Metaspace       used 2830K, committed 3008K, reserved 393216K
  class space    used 324K, committed 384K, reserved 327680K
}
Event: 42.802 GC heap before
{Heap before GC invocations=2 (full 0):
 garbage-first heap   total 262144K, used 165035K [0x00000000e0000000, 0x0000000100000000)
  region size 1024K, 153 young (156672K), 3 survivors (3072K)
 Metaspace       used 18307K, committed 18560K, reserved 393216K
  class space    used 2631K, committed 2752K, reserved 327680K
}
Event: 42.822 GC heap after
{Heap after GC invocations=3 (full 0):
 garbage-first heap   total 262144K, used 21504K [0x00000000e0000000, 0x0000000100000000)
  region size 1024K, 14 young (14336K), 14 survivors (14336K)
 Metaspace       used 18307K, committed 18560K, reserved 393216K
  class space    used 2631K, committed 2752K, reserved 327680K
}
Event: 47.019 GC heap before
{Heap before GC invocations=3 (full 0):
 garbage-first heap   total 262144K, used 46080K [0x00000000e0000000, 0x0000000100000000)
  region size 1024K, 39 young (39936K), 14 survivors (14336K)
 Metaspace       used 21155K, committed 21504K, reserved 393216K
  class space    used 3082K, committed 3200K, reserved 327680K
}
Event: 47.042 GC heap after
{Heap after GC invocations=4 (full 0):
 garbage-first heap   total 262144K, used 23735K [0x00000000e0000000, 0x0000000100000000)
  region size 1024K, 3 young (3072K), 3 survivors (3072K)
 Metaspace       used 21155K, committed 21504K, reserved 393216K
  class space    used 3082K, committed 3200K, reserved 327680K
}
Event: 92.829 GC heap before
{Heap before GC invocations=5 (full 0):
 garbage-first heap   total 262144K, used 143543K [0x00000000e0000000, 0x0000000100000000)
  region size 1024K, 117 young (119808K), 3 survivors (3072K)
 Metaspace       used 35531K, committed 35968K, reserved 393216K
  class space    used 4914K, committed 5120K, reserved 327680K
}
Event: 92.961 GC heap after
{Heap after GC invocations=6 (full 0):
 garbage-first heap   total 262144K, used 30959K [0x00000000e0000000, 0x0000000100000000)
  region size 1024K, 10 young (10240K), 10 survivors (10240K)
 Metaspace       used 35531K, committed 35968K, reserved 393216K
  class space    used 4914K, committed 5120K, reserved 327680K
}
Event: 176.324 GC heap before
{Heap before GC invocations=7 (full 0):
 garbage-first heap   total 262144K, used 125167K [0x00000000e0000000, 0x0000000100000000)
  region size 1024K, 101 young (103424K), 10 survivors (10240K)
 Metaspace       used 45179K, committed 45632K, reserved 393216K
  class space    used 6339K, committed 6528K, reserved 327680K
}
Event: 176.481 GC heap after
{Heap after GC invocations=8 (full 0):
 garbage-first heap   total 262144K, used 34822K [0x00000000e0000000, 0x0000000100000000)
  region size 1024K, 5 young (5120K), 5 survivors (5120K)
 Metaspace       used 45179K, committed 45632K, reserved 393216K
  class space    used 6339K, committed 6528K, reserved 327680K
}

