# JRE version: OpenJDK Runtime Environment Corretto-17.0.12.7.1 (17.0.12+7) (build 17.0.12+7-LTS)
# Java VM: OpenJDK 64-Bit Server VM Corretto-17.0.12.7.1 (17.0.12+7-LTS, mixed mode, sharing, tiered, compressed oops, compressed class ptrs, g1 gc, windows-amd64)
GC Precious Log:
 CPUs: 4 total, 4 available
 Memory: 8097M
 Large Page Support: Disabled
 NUMA Support: Disabled
 Compressed Oops: Enabled (32-bit)
 Heap Region Size: 1M
 Heap Min Capacity: 256M
 Heap Initial Capacity: 256M
 Heap Max Capacity: 512M
 Pre-touch: Disabled
 Parallel Workers: 4
 Concurrent Workers: 1
 Concurrent Refinement Workers: 4
 Periodic GC: Disabled
Heap:
 garbage-first heap   total 262144K, used 73118K [0x00000000e0000000, 0x0000000100000000)
  region size 1024K, 52 young (53248K), 15 survivors (15360K)
 Metaspace       used 50120K, committed 50688K, reserved 393216K
  class space    used 7101K, committed 7360K, reserved 327680K
GC Heap History (12 events):
Event: 1.220 GC heap before
{Heap before GC invocations=0 (full 0):
 garbage-first heap   total 262144K, used 13312K [0x00000000e0000000, 0x0000000100000000)
  region size 1024K, 13 young (13312K), 0 survivors (0K)
 Metaspace       used 773K, committed 896K, reserved 393216K
  class space    used 61K, committed 128K, reserved 327680K
}
Event: 1.230 GC heap after
{Heap after GC invocations=1 (full 0):
 garbage-first heap   total 262144K, used 1192K [0x00000000e0000000, 0x0000000100000000)
  region size 1024K, 2 young (2048K), 2 survivors (2048K)
 Metaspace       used 773K, committed 896K, reserved 393216K
  class space    used 61K, committed 128K, reserved 327680K
}
Event: 4.088 GC heap before
{Heap before GC invocations=1 (full 0):
 garbage-first heap   total 262144K, used 22696K [0x00000000e0000000, 0x0000000100000000)
  region size 1024K, 21 young (21504K), 2 survivors (2048K)
 Metaspace       used 2874K, committed 3008K, reserved 393216K
  class space    used 325K, committed 384K, reserved 327680K
}
Event: 4.095 GC heap after
{Heap after GC invocations=2 (full 0):
 garbage-first heap   total 262144K, used 9408K [0x00000000e0000000, 0x0000000100000000)
  region size 1024K, 3 young (3072K), 3 survivors (3072K)
 Metaspace       used 2874K, committed 3008K, reserved 393216K
  class space    used 325K, committed 384K, reserved 327680K
}
Event: 20.083 GC heap before
{Heap before GC invocations=2 (full 0):
 garbage-first heap   total 262144K, used 165056K [0x00000000e0000000, 0x0000000100000000)
  region size 1024K, 153 young (156672K), 3 survivors (3072K)
 Metaspace       used 18406K, committed 18688K, reserved 393216K
  class space    used 2668K, committed 2816K, reserved 327680K
}
Event: 20.100 GC heap after
{Heap after GC invocations=3 (full 0):
 garbage-first heap   total 262144K, used 21696K [0x00000000e0000000, 0x0000000100000000)
  region size 1024K, 14 young (14336K), 14 survivors (14336K)
 Metaspace       used 18406K, committed 18688K, reserved 393216K
  class space    used 2668K, committed 2816K, reserved 327680K
}
Event: 26.215 GC heap before
{Heap before GC invocations=3 (full 0):
 garbage-first heap   total 262144K, used 45248K [0x00000000e0000000, 0x0000000100000000)
  region size 1024K, 38 young (38912K), 14 survivors (14336K)
 Metaspace       used 21188K, committed 21504K, reserved 393216K
  class space    used 3089K, committed 3264K, reserved 327680K
}
Event: 26.241 GC heap after
{Heap after GC invocations=4 (full 0):
 garbage-first heap   total 262144K, used 23596K [0x00000000e0000000, 0x0000000100000000)
  region size 1024K, 2 young (2048K), 2 survivors (2048K)
 Metaspace       used 21188K, committed 21504K, reserved 393216K
  class space    used 3089K, committed 3264K, reserved 327680K
}
Event: 48.351 GC heap before
{Heap before GC invocations=5 (full 0):
 garbage-first heap   total 262144K, used 143404K [0x00000000e0000000, 0x0000000100000000)
  region size 1024K, 116 young (118784K), 2 survivors (2048K)
 Metaspace       used 35541K, committed 35968K, reserved 393216K
  class space    used 4932K, committed 5184K, reserved 327680K
}
Event: 48.367 GC heap after
{Heap after GC invocations=6 (full 0):
 garbage-first heap   total 262144K, used 31236K [0x00000000e0000000, 0x0000000100000000)
  region size 1024K, 10 young (10240K), 10 survivors (10240K)
 Metaspace       used 35541K, committed 35968K, reserved 393216K
  class space    used 4932K, committed 5184K, reserved 327680K
}
Event: 201.408 GC heap before
{Heap before GC invocations=7 (full 0):
 garbage-first heap   total 262144K, used 178692K [0x00000000e0000000, 0x0000000100000000)
  region size 1024K, 153 young (156672K), 10 survivors (10240K)
 Metaspace       used 48240K, committed 48768K, reserved 393216K
  class space    used 6792K, committed 7040K, reserved 327680K
}
Event: 201.606 GC heap after
{Heap after GC invocations=8 (full 0):
 garbage-first heap   total 262144K, used 36254K [0x00000000e0000000, 0x0000000100000000)
  region size 1024K, 15 young (15360K), 15 survivors (15360K)
 Metaspace       used 48240K, committed 48768K, reserved 393216K
  class space    used 6792K, committed 7040K, reserved 327680K
}

